2026-02-10 13:19:01 [INFO] ============================================================
2026-02-10 13:19:01 [INFO] MEDIA DOWNLOADER - STARTUP
2026-02-10 13:19:01 [INFO] ============================================================
2026-02-10 13:19:02 [INFO] ============================================================
2026-02-10 13:19:49 [INFO] ============================================================
2026-02-10 13:19:49 [INFO] MEDIA DOWNLOADER - STARTUP
2026-02-10 13:19:49 [INFO] ============================================================
2026-02-10 13:19:49 [INFO] ============================================================
2026-02-10 13:20:28 [INFO] Shutting down Media Downloader...
2026-02-10 13:20:28 [INFO] Shutting down Media Downloader...
2026-02-10 13:20:29 [INFO] ============================================================
2026-02-10 13:20:29 [INFO] MEDIA DOWNLOADER - STARTUP
2026-02-10 13:20:29 [INFO] ============================================================
2026-02-10 13:20:29 [INFO] API: http://0.0.0.0:8001
2026-02-10 13:20:29 [INFO] Downloads: D:\WEBD\media-downloader\backend\downloads
2026-02-10 13:20:29 [INFO] Cleanup Age: 7 days
2026-02-10 13:20:29 [INFO] Rate Limits: 5 video/min, 10 audio/min
2026-02-10 13:20:29 [INFO] Log Level: INFO
2026-02-10 13:20:29 [INFO] All systems ready
2026-02-10 13:20:29 [INFO] ============================================================
2026-02-10 13:20:29 [INFO] ============================================================
2026-02-10 13:20:29 [INFO] MEDIA DOWNLOADER - STARTUP
2026-02-10 13:20:29 [INFO] ============================================================
2026-02-10 13:20:29 [INFO] API: http://0.0.0.0:8001
2026-02-10 13:20:29 [INFO] Downloads: D:\WEBD\media-downloader\backend\downloads
2026-02-10 13:20:29 [INFO] Cleanup Age: 7 days
2026-02-10 13:20:29 [INFO] Rate Limits: 5 video/min, 10 audio/min
2026-02-10 13:20:29 [INFO] Log Level: INFO
2026-02-10 13:20:29 [INFO] All systems ready
2026-02-10 13:20:29 [INFO] ============================================================
2026-02-10 13:20:43 [INFO] ============================================================
2026-02-10 13:20:43 [INFO] MEDIA DOWNLOADER - STARTUP
2026-02-10 13:20:43 [INFO] ============================================================
2026-02-10 13:20:43 [INFO] API: http://0.0.0.0:8001
2026-02-10 13:20:43 [INFO] Downloads: D:\WEBD\media-downloader\backend\downloads
2026-02-10 13:20:43 [INFO] Cleanup Age: 7 days
2026-02-10 13:20:43 [INFO] Rate Limits: 5 video/min, 10 audio/min
2026-02-10 13:20:43 [INFO] Log Level: INFO
2026-02-10 13:20:43 [INFO] All systems ready
2026-02-10 13:20:43 [INFO] ============================================================
2026-02-10 13:21:41 [INFO] Shutting down Media Downloader...
2026-02-10 13:22:35 [INFO] ============================================================
2026-02-10 13:22:35 [INFO] MEDIA DOWNLOADER - STARTUP
2026-02-10 13:22:35 [INFO] ============================================================
2026-02-10 13:22:35 [INFO] API: http://0.0.0.0:8001
2026-02-10 13:22:35 [INFO] Downloads: D:\WEBD\media-downloader\backend\downloads
2026-02-10 13:22:35 [INFO] Cleanup Age: 7 days
2026-02-10 13:22:35 [INFO] Rate Limits: 5 video/min, 10 audio/min
2026-02-10 13:22:35 [INFO] Log Level: INFO
2026-02-10 13:22:35 [INFO] All systems ready
2026-02-10 13:22:35 [INFO] ============================================================
2026-02-10 13:23:49 [INFO] ============================================================
2026-02-10 13:23:49 [INFO] MEDIA DOWNLOADER - STARTUP
2026-02-10 13:23:49 [INFO] ============================================================
2026-02-10 13:23:49 [INFO] API: http://0.0.0.0:8001
2026-02-10 13:23:49 [INFO] Downloads: D:\WEBD\media-downloader\backend\downloads
2026-02-10 13:23:49 [INFO] Cleanup Age: 7 days
2026-02-10 13:23:49 [INFO] Rate Limits: 5 video/min, 10 audio/min
2026-02-10 13:23:49 [INFO] Log Level: INFO
2026-02-10 13:23:49 [INFO] All systems ready
2026-02-10 13:23:49 [INFO] ============================================================
2026-02-10 13:24:00 [INFO] Shutting down Media Downloader...
2026-02-10 13:28:06 [INFO] ============================================================
2026-02-10 13:28:06 [INFO] MEDIA DOWNLOADER - STARTUP
2026-02-10 13:28:06 [INFO] ============================================================
2026-02-10 13:28:06 [INFO] API: http://0.0.0.0:8001
2026-02-10 13:28:06 [INFO] Downloads: D:\WEBD\media-downloader\backend\downloads
2026-02-10 13:28:06 [INFO] Cleanup Age: 7 days
2026-02-10 13:28:06 [INFO] Rate Limits: 5 video/min, 10 audio/min
2026-02-10 13:28:06 [INFO] Log Level: INFO
2026-02-10 13:28:06 [INFO] All systems ready
2026-02-10 13:28:06 [INFO] ============================================================
2026-02-10 13:28:38 [INFO] ============================================================
2026-02-10 13:28:38 [INFO] MEDIA DOWNLOADER - STARTUP
2026-02-10 13:28:38 [INFO] ============================================================
2026-02-10 13:28:38 [INFO] API: http://0.0.0.0:8001
2026-02-10 13:28:38 [INFO] Downloads: D:\WEBD\media-downloader\backend\downloads
2026-02-10 13:28:38 [INFO] Cleanup Age: 7 days
2026-02-10 13:28:38 [INFO] Rate Limits: 5 video/min, 10 audio/min
2026-02-10 13:28:38 [INFO] Log Level: INFO
2026-02-10 13:28:38 [INFO] All systems ready
2026-02-10 13:28:38 [INFO] ============================================================
2026-02-10 13:33:03 [INFO] Shutting down Media Downloader...
2026-02-10 13:33:58 [INFO] ============================================================
2026-02-10 13:33:58 [INFO] MEDIA DOWNLOADER - STARTUP
2026-02-10 13:33:58 [INFO] ============================================================
2026-02-10 13:33:58 [INFO] API: http://0.0.0.0:8001
2026-02-10 13:33:58 [INFO] Downloads: D:\WEBD\media-downloader\backend\downloads
2026-02-10 13:33:58 [INFO] Cleanup Age: 7 days
2026-02-10 13:33:58 [INFO] Rate Limits: 5 video/min, 10 audio/min
2026-02-10 13:33:58 [INFO] Log Level: INFO
2026-02-10 13:33:58 [INFO] All systems ready
2026-02-10 13:33:58 [INFO] ============================================================
2026-02-10 13:35:28 [INFO] ============================================================
2026-02-10 13:35:28 [INFO] MEDIA DOWNLOADER - STARTUP
2026-02-10 13:35:28 [INFO] ============================================================
2026-02-10 13:35:28 [INFO] API: http://0.0.0.0:8001
2026-02-10 13:35:28 [INFO] Downloads: D:\WEBD\media-downloader\backend\downloads
2026-02-10 13:35:28 [INFO] Cleanup Age: 7 days
2026-02-10 13:35:28 [INFO] Rate Limits: 5 video/min, 10 audio/min
2026-02-10 13:35:28 [INFO] Log Level: INFO
2026-02-10 13:35:28 [INFO] All systems ready
2026-02-10 13:35:28 [INFO] ============================================================
2026-02-10 13:35:37 [INFO] Shutting down Media Downloader...
2026-02-10 13:37:03 [INFO] ============================================================
2026-02-10 13:37:03 [INFO] MEDIA DOWNLOADER - STARTUP
2026-02-10 13:37:03 [INFO] ============================================================
2026-02-10 13:37:03 [INFO] API: http://0.0.0.0:8001
2026-02-10 13:37:03 [INFO] Downloads: D:\WEBD\media-downloader\backend\downloads
2026-02-10 13:37:03 [INFO] Cleanup Age: 7 days
2026-02-10 13:37:03 [INFO] Rate Limits: 5 video/min, 10 audio/min
2026-02-10 13:37:03 [INFO] Log Level: INFO
2026-02-10 13:37:03 [INFO] All systems ready
2026-02-10 13:37:03 [INFO] ============================================================
2026-02-10 13:40:26 [INFO] [127.0.0.1] New video request: 56d58279-9fda-4130-9f73-397eb2cc9fa9 (youtube) - 720p
2026-02-10 13:40:26 [INFO] Job 56d58279-9fda-4130-9f73-397eb2cc9fa9: Created and queued
2026-02-10 13:40:26 [INFO] Job 56d58279-9fda-4130-9f73-397eb2cc9fa9: Starting download
2026-02-10 13:40:40 [INFO] Job 56d58279-9fda-4130-9f73-397eb2cc9fa9: Completed - video_UDVLn4Xvyz8.mp4 (8.1 MB)
2026-02-10 13:40:49 [INFO] [127.0.0.1] New audio request: 4da91b0b-0f35-4819-a167-d01738b49e09 (youtube)
2026-02-10 13:40:49 [INFO] Job 4da91b0b-0f35-4819-a167-d01738b49e09: Created and queued
2026-02-10 13:40:49 [INFO] Job 4da91b0b-0f35-4819-a167-d01738b49e09: Starting audio download
2026-02-10 13:40:55 [INFO] Job 4da91b0b-0f35-4819-a167-d01738b49e09: Completed - audio_UDVLn4Xvyz8.webm (3.8 MB)
2026-02-10 13:41:04 [INFO] Shutting down Media Downloader...
2026-02-10 13:41:06 [INFO] ============================================================
2026-02-10 13:41:06 [INFO] MEDIA DOWNLOADER - STARTUP
2026-02-10 13:41:06 [INFO] ============================================================
2026-02-10 13:41:06 [INFO] API: http://0.0.0.0:8001
2026-02-10 13:41:06 [INFO] Downloads: D:\WEBD\media-downloader\backend\downloads
2026-02-10 13:41:06 [INFO] Cleanup Age: 7 days
2026-02-10 13:41:06 [INFO] Rate Limits: 5 video/min, 10 audio/min
2026-02-10 13:41:06 [INFO] Log Level: INFO
2026-02-10 13:41:06 [INFO] All systems ready
2026-02-10 13:41:06 [INFO] ============================================================
2026-02-10 13:41:19 [INFO] [127.0.0.1] New audio request: af3f87de-4393-4de9-9a5a-af9cbed91223 (youtube)
2026-02-10 13:41:19 [INFO] Job af3f87de-4393-4de9-9a5a-af9cbed91223: Created and queued
2026-02-10 13:41:19 [INFO] Job af3f87de-4393-4de9-9a5a-af9cbed91223: Starting audio download
2026-02-10 13:41:26 [INFO] Job af3f87de-4393-4de9-9a5a-af9cbed91223: Completed - audio_UDVLn4Xvyz8.webm (3.8 MB)
2026-02-10 13:45:47 [INFO] [127.0.0.1] New video request: 5aee36be-11f4-4f25-8ecc-e9570110af2a (youtube) - 720p
2026-02-10 13:45:47 [INFO] Job 5aee36be-11f4-4f25-8ecc-e9570110af2a: Created and queued
2026-02-10 13:45:47 [INFO] Job 5aee36be-11f4-4f25-8ecc-e9570110af2a: Starting download
2026-02-10 13:45:58 [INFO] Job 5aee36be-11f4-4f25-8ecc-e9570110af2a: Completed - video_UDVLn4Xvyz8.mp4 (8.1 MB)
2026-02-10 13:50:33 [INFO] Shutting down Media Downloader...
2026-02-10 14:08:17 [INFO] ============================================================
2026-02-10 14:08:17 [INFO] MEDIA DOWNLOADER - STARTUP
2026-02-10 14:08:17 [INFO] ============================================================
2026-02-10 14:08:17 [INFO] API: http://0.0.0.0:8001
2026-02-10 14:08:17 [INFO] Downloads: D:\WEBD\media-downloader\backend\downloads
2026-02-10 14:08:17 [INFO] Cleanup Age: 7 days
2026-02-10 14:08:17 [INFO] Rate Limits: 5 video/min, 10 audio/min
2026-02-10 14:08:17 [INFO] Log Level: INFO
2026-02-10 14:08:17 [INFO] All systems ready
2026-02-10 14:08:17 [INFO] ============================================================
2026-02-10 14:08:46 [INFO] Shutting down Media Downloader...
2026-02-10 14:08:47 [INFO] ============================================================
2026-02-10 14:08:47 [INFO] MEDIA DOWNLOADER - STARTUP
2026-02-10 14:08:47 [INFO] ============================================================
2026-02-10 14:08:47 [INFO] API: http://0.0.0.0:8001
2026-02-10 14:08:47 [INFO] Downloads: D:\WEBD\media-downloader\backend\downloads
2026-02-10 14:08:47 [INFO] Cleanup Age: 7 days
2026-02-10 14:08:47 [INFO] Rate Limits: 5 video/min, 10 audio/min
2026-02-10 14:08:47 [INFO] Log Level: INFO
2026-02-10 14:08:47 [INFO] All systems ready
2026-02-10 14:08:47 [INFO] ============================================================
2026-02-10 14:08:58 [INFO] Shutting down Media Downloader...
2026-02-10 14:08:59 [INFO] ============================================================
2026-02-10 14:08:59 [INFO] MEDIA DOWNLOADER - STARTUP
2026-02-10 14:08:59 [INFO] ============================================================
2026-02-10 14:08:59 [INFO] API: http://0.0.0.0:8001
2026-02-10 14:08:59 [INFO] Downloads: D:\WEBD\media-downloader\backend\downloads
2026-02-10 14:08:59 [INFO] Cleanup Age: 7 days
2026-02-10 14:08:59 [INFO] Rate Limits: 5 video/min, 10 audio/min
2026-02-10 14:08:59 [INFO] Log Level: INFO
2026-02-10 14:08:59 [INFO] All systems ready
2026-02-10 14:08:59 [INFO] ============================================================
2026-02-10 14:09:18 [INFO] Shutting down Media Downloader...
2026-02-10 14:09:19 [INFO] ============================================================
2026-02-10 14:09:19 [INFO] MEDIA DOWNLOADER - STARTUP
2026-02-10 14:09:19 [INFO] ============================================================
2026-02-10 14:09:19 [INFO] API: http://0.0.0.0:8001
2026-02-10 14:09:19 [INFO] Downloads: D:\WEBD\media-downloader\backend\downloads
2026-02-10 14:09:19 [INFO] Cleanup Age: 7 days
2026-02-10 14:09:19 [INFO] Rate Limits: 5 video/min, 10 audio/min
2026-02-10 14:09:19 [INFO] Log Level: INFO
2026-02-10 14:09:19 [INFO] All systems ready
2026-02-10 14:09:19 [INFO] ============================================================
2026-02-10 14:09:32 [INFO] Shutting down Media Downloader...
2026-02-10 14:09:33 [INFO] ============================================================
2026-02-10 14:09:33 [INFO] MEDIA DOWNLOADER - STARTUP
2026-02-10 14:09:33 [INFO] ============================================================
2026-02-10 14:09:33 [INFO] API: http://0.0.0.0:8001
2026-02-10 14:09:33 [INFO] Downloads: D:\WEBD\media-downloader\backend\downloads
2026-02-10 14:09:33 [INFO] Cleanup Age: 7 days
2026-02-10 14:09:33 [INFO] Rate Limits: 5 video/min, 10 audio/min
2026-02-10 14:09:33 [INFO] Log Level: INFO
2026-02-10 14:09:33 [INFO] All systems ready
2026-02-10 14:09:33 [INFO] ============================================================
2026-02-10 14:09:56 [INFO] Shutting down Media Downloader...
2026-02-10 14:09:56 [INFO] ============================================================
2026-02-10 14:09:56 [INFO] MEDIA DOWNLOADER - STARTUP
2026-02-10 14:09:56 [INFO] ============================================================
2026-02-10 14:09:56 [INFO] API: http://0.0.0.0:8001
2026-02-10 14:09:56 [INFO] Downloads: D:\WEBD\media-downloader\backend\downloads
2026-02-10 14:09:56 [INFO] Cleanup Age: 7 days
2026-02-10 14:09:56 [INFO] Rate Limits: 5 video/min, 10 audio/min
2026-02-10 14:09:56 [INFO] Log Level: INFO
2026-02-10 14:09:56 [INFO] All systems ready
2026-02-10 14:09:56 [INFO] ============================================================
2026-02-10 14:10:09 [INFO] Shutting down Media Downloader...
2026-02-10 14:10:09 [INFO] ============================================================
2026-02-10 14:10:09 [INFO] MEDIA DOWNLOADER - STARTUP
2026-02-10 14:10:09 [INFO] ============================================================
2026-02-10 14:10:09 [INFO] API: http://0.0.0.0:8001
2026-02-10 14:10:09 [INFO] Downloads: D:\WEBD\media-downloader\backend\downloads
2026-02-10 14:10:09 [INFO] Cleanup Age: 7 days
2026-02-10 14:10:09 [INFO] Rate Limits: 5 video/min, 10 audio/min
2026-02-10 14:10:09 [INFO] Log Level: INFO
2026-02-10 14:10:09 [INFO] All systems ready
2026-02-10 14:10:09 [INFO] ============================================================
2026-02-10 14:10:29 [INFO] Shutting down Media Downloader...
2026-02-10 14:10:30 [INFO] ============================================================
2026-02-10 14:10:30 [INFO] MEDIA DOWNLOADER - STARTUP
2026-02-10 14:10:30 [INFO] ============================================================
2026-02-10 14:10:30 [INFO] API: http://0.0.0.0:8001
2026-02-10 14:10:30 [INFO] Downloads: D:\WEBD\media-downloader\backend\downloads
2026-02-10 14:10:30 [INFO] Cleanup Age: 7 days
2026-02-10 14:10:30 [INFO] Rate Limits: 5 video/min, 10 audio/min
2026-02-10 14:10:30 [INFO] Log Level: INFO
2026-02-10 14:10:30 [INFO] All systems ready
2026-02-10 14:10:30 [INFO] ============================================================
2026-02-10 14:11:00 [INFO] Shutting down Media Downloader...
2026-02-10 14:11:01 [INFO] ============================================================
2026-02-10 14:11:01 [INFO] MEDIA DOWNLOADER - STARTUP
2026-02-10 14:11:01 [INFO] ============================================================
2026-02-10 14:11:01 [INFO] API: http://0.0.0.0:8001
2026-02-10 14:11:01 [INFO] Downloads: D:\WEBD\media-downloader\backend\downloads
2026-02-10 14:11:01 [INFO] Cleanup Age: 7 days
2026-02-10 14:11:01 [INFO] Rate Limits: 5 video/min, 10 audio/min
2026-02-10 14:11:01 [INFO] Log Level: INFO
2026-02-10 14:11:01 [INFO] All systems ready
2026-02-10 14:11:01 [INFO] ============================================================
2026-02-10 14:11:12 [INFO] Shutting down Media Downloader...
2026-02-10 14:11:13 [INFO] ============================================================
2026-02-10 14:11:13 [INFO] MEDIA DOWNLOADER - STARTUP
2026-02-10 14:11:13 [INFO] ============================================================
2026-02-10 14:11:13 [INFO] API: http://0.0.0.0:8001
2026-02-10 14:11:13 [INFO] Downloads: D:\WEBD\media-downloader\backend\downloads
2026-02-10 14:11:13 [INFO] Cleanup Age: 7 days
2026-02-10 14:11:13 [INFO] Rate Limits: 5 video/min, 10 audio/min
2026-02-10 14:11:13 [INFO] Log Level: INFO
2026-02-10 14:11:13 [INFO] All systems ready
2026-02-10 14:11:13 [INFO] ============================================================
2026-02-10 14:11:22 [INFO] Shutting down Media Downloader...
2026-02-10 14:11:23 [INFO] ============================================================
2026-02-10 14:11:23 [INFO] MEDIA DOWNLOADER - STARTUP
2026-02-10 14:11:23 [INFO] ============================================================
2026-02-10 14:11:23 [INFO] API: http://0.0.0.0:8001
2026-02-10 14:11:23 [INFO] Downloads: D:\WEBD\media-downloader\backend\downloads
2026-02-10 14:11:23 [INFO] Cleanup Age: 7 days
2026-02-10 14:11:23 [INFO] Rate Limits: 5 video/min, 10 audio/min
2026-02-10 14:11:23 [INFO] Log Level: INFO
2026-02-10 14:11:23 [INFO] All systems ready
2026-02-10 14:11:23 [INFO] ============================================================
2026-02-10 14:11:37 [INFO] Shutting down Media Downloader...
2026-02-10 14:11:38 [INFO] ============================================================
2026-02-10 14:11:38 [INFO] MEDIA DOWNLOADER - STARTUP
2026-02-10 14:11:38 [INFO] ============================================================
2026-02-10 14:11:38 [INFO] API: http://0.0.0.0:8001
2026-02-10 14:11:38 [INFO] Downloads: D:\WEBD\media-downloader\backend\downloads
2026-02-10 14:11:38 [INFO] Cleanup Age: 7 days
2026-02-10 14:11:38 [INFO] Rate Limits: 5 video/min, 10 audio/min
2026-02-10 14:11:38 [INFO] Log Level: INFO
2026-02-10 14:11:38 [INFO] All systems ready
2026-02-10 14:11:38 [INFO] ============================================================
2026-02-10 14:11:45 [INFO] Shutting down Media Downloader...
2026-02-10 14:11:46 [INFO] ============================================================
2026-02-10 14:11:46 [INFO] MEDIA DOWNLOADER - STARTUP
2026-02-10 14:11:46 [INFO] ============================================================
2026-02-10 14:11:46 [INFO] API: http://0.0.0.0:8001
2026-02-10 14:11:46 [INFO] Downloads: D:\WEBD\media-downloader\backend\downloads
2026-02-10 14:11:46 [INFO] Cleanup Age: 7 days
2026-02-10 14:11:46 [INFO] Rate Limits: 5 video/min, 10 audio/min
2026-02-10 14:11:46 [INFO] Log Level: INFO
2026-02-10 14:11:46 [INFO] All systems ready
2026-02-10 14:11:46 [INFO] ============================================================
2026-02-10 14:11:58 [INFO] Shutting down Media Downloader...
2026-02-10 14:11:59 [INFO] ============================================================
2026-02-10 14:11:59 [INFO] MEDIA DOWNLOADER - STARTUP
2026-02-10 14:11:59 [INFO] ============================================================
2026-02-10 14:11:59 [INFO] API: http://0.0.0.0:8001
2026-02-10 14:11:59 [INFO] Downloads: D:\WEBD\media-downloader\backend\downloads
2026-02-10 14:11:59 [INFO] Cleanup Age: 7 days
2026-02-10 14:11:59 [INFO] Rate Limits: 5 video/min, 10 audio/min
2026-02-10 14:11:59 [INFO] Log Level: INFO
2026-02-10 14:11:59 [INFO] All systems ready
2026-02-10 14:11:59 [INFO] ============================================================
2026-02-10 14:16:11 [INFO] Shutting down Media Downloader...
2026-02-10 14:16:12 [INFO] ============================================================
2026-02-10 14:16:12 [INFO] MEDIA DOWNLOADER - STARTUP
2026-02-10 14:16:12 [INFO] ============================================================
2026-02-10 14:16:12 [INFO] API: http://0.0.0.0:8001
2026-02-10 14:16:12 [INFO] Downloads: D:\WEBD\media-downloader\backend\downloads
2026-02-10 14:16:12 [INFO] Cleanup Age: 7 days
2026-02-10 14:16:12 [INFO] Rate Limits: 5 video/min, 10 audio/min
2026-02-10 14:16:12 [INFO] Log Level: INFO
2026-02-10 14:16:12 [INFO] All systems ready
2026-02-10 14:16:12 [INFO] ============================================================
2026-02-10 14:36:41 [INFO] ============================================================
2026-02-10 14:36:41 [INFO] MEDIA DOWNLOADER - STARTUP
2026-02-10 14:36:41 [INFO] ============================================================
2026-02-10 14:36:41 [INFO] API: http://0.0.0.0:8001
2026-02-10 14:36:41 [INFO] Downloads: D:\WEBD\media-downloader\backend\downloads
2026-02-10 14:36:41 [INFO] Cleanup Age: 7 days
2026-02-10 14:36:41 [INFO] Rate Limits: 5 video/min, 10 audio/min
2026-02-10 14:36:41 [INFO] Log Level: INFO
2026-02-10 14:36:41 [INFO] All systems ready
2026-02-10 14:36:41 [INFO] ============================================================
2026-02-10 18:36:35 [INFO] Shutting down Media Downloader...
2026-02-10 18:36:35 [INFO] Shutting down Media Downloader...
2026-02-10 18:36:37 [INFO] ============================================================
2026-02-10 18:36:37 [INFO] MEDIA DOWNLOADER - STARTUP
2026-02-10 18:36:37 [INFO] MEDIA DOWNLOADER - STARTUP
2026-02-10 18:36:37 [INFO] ============================================================
2026-02-10 18:36:37 [INFO] ============================================================
2026-02-10 18:36:37 [INFO] API: http://0.0.0.0:8001
2026-02-10 18:36:37 [INFO] API: http://0.0.0.0:8001
2026-02-10 18:36:37 [INFO] Downloads: D:\WEBD\media-downloader\backend\downloads
2026-02-10 18:36:37 [INFO] Downloads: D:\WEBD\media-downloader\backend\downloads
2026-02-10 18:36:37 [INFO] Cleanup Age: 7 days
2026-02-10 18:36:37 [INFO] Cleanup Age: 7 days
2026-02-10 18:36:37 [INFO] Rate Limits: 5 video/min, 10 audio/min
2026-02-10 18:36:37 [INFO] Log Level: INFO
2026-02-10 18:36:37 [INFO] All systems ready
2026-02-10 18:36:37 [INFO] Log Level: INFO
2026-02-10 18:36:37 [INFO] ============================================================
2026-02-10 18:36:37 [INFO] All systems ready
2026-02-10 18:36:37 [INFO] ============================================================
2026-02-10 18:39:42 [INFO] Shutting down Media Downloader...
2026-02-10 18:39:42 [INFO] Shutting down Media Downloader...
2026-02-10 18:39:44 [INFO] ============================================================
2026-02-10 18:39:44 [INFO] MEDIA DOWNLOADER - STARTUP
2026-02-10 18:39:44 [INFO] ============================================================
2026-02-10 18:39:44 [INFO] API: http://0.0.0.0:8001
2026-02-10 18:39:44 [INFO] Downloads: D:\WEBD\media-downloader\backend\downloads
2026-02-10 18:39:44 [INFO] Cleanup Age: 7 days
2026-02-10 18:39:44 [INFO] Rate Limits: 5 video/min, 10 audio/min
2026-02-10 18:39:44 [INFO] Log Level: INFO
2026-02-10 18:39:44 [INFO] All systems ready
2026-02-10 18:39:44 [INFO] ============================================================
2026-02-10 18:39:44 [INFO] ============================================================
2026-02-10 18:39:44 [INFO] MEDIA DOWNLOADER - STARTUP
2026-02-10 18:39:44 [INFO] ============================================================
2026-02-10 18:39:44 [INFO] API: http://0.0.0.0:8001
2026-02-10 18:39:44 [INFO] Downloads: D:\WEBD\media-downloader\backend\downloads
2026-02-10 18:39:44 [INFO] Cleanup Age: 7 days
2026-02-10 18:39:44 [INFO] Rate Limits: 5 video/min, 10 audio/min
2026-02-10 18:39:44 [INFO] Log Level: INFO
2026-02-10 18:39:44 [INFO] All systems ready
2026-02-10 18:39:44 [INFO] ============================================================
